
26-04-29 20:36:15 [-] LockHandler on Witch(account 1): access type 'examine' changed from 'examine:perm(Admin)' to 'examine:perm(Admin)' 
LockHandler on Witch(account 1): access type 'edit' changed from 'edit:perm(Admin)' to 'edit:perm(Admin)' 
LockHandler on Witch(account 1): access type 'delete' changed from 'delete:perm(Admin)' to 'delete:perm(Admin)' 
LockHandler on Witch(account 1): access type 'boot' changed from 'boot:perm(Admin)' to 'boot:perm(Admin)' 
LockHandler on Witch(account 1): access type 'msg' changed from 'msg:all()' to 'msg:all()' 
LockHandler on Witch(account 1): access type 'noidletimeout' changed from 'noidletimeout:perm(Builder) or perm(noidletimeout)' to 'noidletimeout:perm(Builder) or perm(noidletimeout)'
26-04-29 20:36:15 [-] LockHandler on Witch(account 1): access type 'examine' changed from 'examine:perm(Admin)' to 'examine:perm(Developer)' 
LockHandler on Witch(account 1): access type 'edit' changed from 'edit:perm(Admin)' to 'edit:false()' 
LockHandler on Witch(account 1): access type 'delete' changed from 'delete:perm(Admin)' to 'delete:false()' 
LockHandler on Witch(account 1): access type 'boot' changed from 'boot:perm(Admin)' to 'boot:false()' 
LockHandler on Witch(account 1): access type 'msg' changed from 'msg:all()' to 'msg:all()'
26-04-29 20:36:15 [-] LockHandler on Witch: access type 'get' changed from 'get:all()' to 'get:false()' 
LockHandler on Witch: access type 'call' changed from 'call:true()' to 'call:false()' 
LockHandler on Witch: access type 'teleport' changed from 'teleport:true()' to 'teleport:perm(Admin)' 
LockHandler on Witch: access type 'teleport_here' changed from 'teleport_here:true()' to 'teleport_here:perm(Admin)'
26-04-29 20:36:15 [-] LockHandler on Witch: access type 'puppet' changed from 'puppet:pperm(Developer)' to 'puppet:pid(1) or id(Witch) or perm(Developer) or pperm(Developer)' 
LockHandler on Witch: access type 'delete' changed from 'delete:perm(Admin)' to 'delete:pid(1) or perm(Admin)' 
LockHandler on Witch: access type 'edit' changed from 'edit:perm(Admin)' to 'edit:pid(1) or perm(Admin)'
26-04-29 20:36:15 [-] LockHandler on Witch: access type 'puppet' changed from 'puppet:pid(1) or id(Witch) or perm(Developer) or pperm(Developer)' to 'puppet:id(1) or pid(1) or perm(Developer) or pperm(Developer)' 
LockHandler on Witch: access type 'delete' changed from 'delete:pid(1) or perm(Admin)' to 'delete:id(1) or perm(Admin)'
26-04-29 20:36:15 [-] LockHandler on Witch: access type 'examine' changed from 'examine:perm(Builder)' to 'examine:perm(Developer)' 
LockHandler on Witch: access type 'edit' changed from 'edit:pid(1) or perm(Admin)' to 'edit:false()' 
LockHandler on Witch: access type 'delete' changed from 'delete:id(1) or perm(Admin)' to 'delete:false()' 
LockHandler on Witch: access type 'puppet' changed from 'puppet:id(1) or pid(1) or perm(Developer) or pperm(Developer)' to 'puppet:false()'
26-04-29 20:36:15 [-] LockHandler on Limbo: access type 'get' changed from 'get:all()' to 'get:false()' 
LockHandler on Limbo: access type 'puppet' changed from 'puppet:pperm(Developer)' to 'puppet:false()' 
LockHandler on Limbo: access type 'teleport' changed from 'teleport:true()' to 'teleport:false()' 
LockHandler on Limbo: access type 'teleport_here' changed from 'teleport_here:true()' to 'teleport_here:true()'
26-04-29 20:36:15 [-] LockHandler on Channel 'MudInfo' (None): access type 'control' changed from 'control:perm(Admin)' to 'control:perm(Developer)' 
LockHandler on Channel 'MudInfo' (None): access type 'listen' changed from 'listen:all()' to 'listen:perm(Admin)' 
LockHandler on Channel 'MudInfo' (None): access type 'send' changed from 'send:all()' to 'send:false()'
26-04-29 20:36:15 [-] LockHandler on Channel 'Public' (None): access type 'control' changed from 'control:perm(Admin)' to 'control:perm(Admin)' 
LockHandler on Channel 'Public' (None): access type 'listen' changed from 'listen:all()' to 'listen:all()' 
LockHandler on Channel 'Public' (None): access type 'send' changed from 'send:all()' to 'send:all()'
26-04-29 21:25:27 [-] LockHandler on @tunnel: access type 'cmd' changed from 'cmd:all()' to 'cmd: perm(tunnel) or perm(Builder)'
26-04-29 21:25:27 [-] LockHandler on @tasks: access type 'cmd' changed from 'cmd:all()' to 'cmd:perm(Developer)'
26-04-29 21:25:27 [-] LockHandler on @lock: access type 'cmd' changed from 'cmd:all()' to 'cmd: perm(locks) or perm(Builder)'
26-04-29 23:57:06 [-] LockHandler on @tasks: access type 'cmd' changed from 'cmd:all()' to 'cmd:perm(Developer)'
26-04-29 23:57:06 [-] LockHandler on @lock: access type 'cmd' changed from 'cmd:all()' to 'cmd: perm(locks) or perm(Builder)'
26-04-29 23:57:06 [-] LockHandler on @tunnel: access type 'cmd' changed from 'cmd:all()' to 'cmd: perm(tunnel) or perm(Builder)'
26-04-30 01:18:43 [-] LockHandler on @tunnel: access type 'cmd' changed from 'cmd:all()' to 'cmd: perm(tunnel) or perm(Builder)'
26-04-30 01:18:43 [-] LockHandler on @lock: access type 'cmd' changed from 'cmd:all()' to 'cmd: perm(locks) or perm(Builder)'
26-04-30 01:18:43 [-] LockHandler on @tasks: access type 'cmd' changed from 'cmd:all()' to 'cmd:perm(Developer)'
26-04-30 01:19:16 [-] LockHandler on @tunnel: access type 'cmd' changed from 'cmd:all()' to 'cmd: perm(tunnel) or perm(Builder)'
26-04-30 01:19:16 [-] LockHandler on @tasks: access type 'cmd' changed from 'cmd:all()' to 'cmd:perm(Developer)'
26-04-30 01:19:16 [-] LockHandler on @lock: access type 'cmd' changed from 'cmd:all()' to 'cmd: perm(locks) or perm(Builder)'
26-05-02 07:29:28 [-] LockHandler on @lock: access type 'cmd' changed from 'cmd:all()' to 'cmd: perm(locks) or perm(Builder)'
26-05-02 07:29:28 [-] LockHandler on @tasks: access type 'cmd' changed from 'cmd:all()' to 'cmd:perm(Developer)'
26-05-02 07:29:28 [-] LockHandler on @tunnel: access type 'cmd' changed from 'cmd:all()' to 'cmd: perm(tunnel) or perm(Builder)'
26-05-05 17:35:34 [-] LockHandler on @tunnel: access type 'cmd' changed from 'cmd:all()' to 'cmd: perm(tunnel) or perm(Builder)'
26-05-05 17:35:34 [-] LockHandler on @lock: access type 'cmd' changed from 'cmd:all()' to 'cmd: perm(locks) or perm(Builder)'
26-05-05 17:35:34 [-] LockHandler on @tasks: access type 'cmd' changed from 'cmd:all()' to 'cmd:perm(Developer)'
26-05-05 17:36:10 [-] LockHandler on @lock: access type 'cmd' changed from 'cmd:all()' to 'cmd: perm(locks) or perm(Builder)'
26-05-05 17:36:10 [-] LockHandler on @tunnel: access type 'cmd' changed from 'cmd:all()' to 'cmd: perm(tunnel) or perm(Builder)'
26-05-05 17:36:10 [-] LockHandler on @tasks: access type 'cmd' changed from 'cmd:all()' to 'cmd:perm(Developer)'
26-05-07 01:01:14 [-] LockHandler on Before: access type 'get' changed from 'get:all()' to 'get:false()' 
LockHandler on Before: access type 'puppet' changed from 'puppet:pperm(Developer)' to 'puppet:false()' 
LockHandler on Before: access type 'teleport' changed from 'teleport:true()' to 'teleport:false()' 
LockHandler on Before: access type 'teleport_here' changed from 'teleport_here:true()' to 'teleport_here:true()'
26-05-07 01:01:14 [-] LockHandler on The Drift: access type 'get' changed from 'get:all()' to 'get:false()' 
LockHandler on The Drift: access type 'puppet' changed from 'puppet:pperm(Developer)' to 'puppet:false()' 
LockHandler on The Drift: access type 'teleport' changed from 'teleport:true()' to 'teleport:false()' 
LockHandler on The Drift: access type 'teleport_here' changed from 'teleport_here:true()' to 'teleport_here:true()'
26-05-07 01:01:14 [-] LockHandler on Almost: access type 'get' changed from 'get:all()' to 'get:false()' 
LockHandler on Almost: access type 'puppet' changed from 'puppet:pperm(Developer)' to 'puppet:false()' 
LockHandler on Almost: access type 'teleport' changed from 'teleport:true()' to 'teleport:false()' 
LockHandler on Almost: access type 'teleport_here' changed from 'teleport_here:true()' to 'teleport_here:true()'
26-05-07 01:01:14 [-] LockHandler on The Mirror: access type 'get' changed from 'get:all()' to 'get:false()' 
LockHandler on The Mirror: access type 'puppet' changed from 'puppet:pperm(Developer)' to 'puppet:false()' 
LockHandler on The Mirror: access type 'teleport' changed from 'teleport:true()' to 'teleport:false()' 
LockHandler on The Mirror: access type 'teleport_here' changed from 'teleport_here:true()' to 'teleport_here:true()'
26-05-07 01:01:14 [-] LockHandler on The Fitting: access type 'get' changed from 'get:all()' to 'get:false()' 
LockHandler on The Fitting: access type 'puppet' changed from 'puppet:pperm(Developer)' to 'puppet:false()' 
LockHandler on The Fitting: access type 'teleport' changed from 'teleport:true()' to 'teleport:false()' 
LockHandler on The Fitting: access type 'teleport_here' changed from 'teleport_here:true()' to 'teleport_here:true()'
26-05-07 01:01:14 [-] LockHandler on void: access type 'puppet' changed from 'puppet:pperm(Developer)' to 'puppet:false()' 
LockHandler on void: access type 'get' changed from 'get:all()' to 'get:false()' 
LockHandler on void: access type 'teleport' changed from 'teleport:true()' to 'teleport:false()' 
LockHandler on void: access type 'teleport_here' changed from 'teleport_here:true()' to 'teleport_here:false()'
26-05-07 01:01:14 [-] LockHandler on void: access type 'puppet' changed from 'puppet:pperm(Developer)' to 'puppet:false()' 
LockHandler on void: access type 'get' changed from 'get:all()' to 'get:false()' 
LockHandler on void: access type 'teleport' changed from 'teleport:true()' to 'teleport:false()' 
LockHandler on void: access type 'teleport_here' changed from 'teleport_here:true()' to 'teleport_here:false()'
26-05-07 01:01:14 [-] LockHandler on void: access type 'puppet' changed from 'puppet:pperm(Developer)' to 'puppet:false()' 
LockHandler on void: access type 'get' changed from 'get:all()' to 'get:false()' 
LockHandler on void: access type 'teleport' changed from 'teleport:true()' to 'teleport:false()' 
LockHandler on void: access type 'teleport_here' changed from 'teleport_here:true()' to 'teleport_here:false()'
26-05-07 01:01:14 [-] LockHandler on void: access type 'puppet' changed from 'puppet:pperm(Developer)' to 'puppet:false()' 
LockHandler on void: access type 'get' changed from 'get:all()' to 'get:false()' 
LockHandler on void: access type 'teleport' changed from 'teleport:true()' to 'teleport:false()' 
LockHandler on void: access type 'teleport_here' changed from 'teleport_here:true()' to 'teleport_here:false()'
26-05-07 01:01:15 [-] LockHandler on void: access type 'puppet' changed from 'puppet:pperm(Developer)' to 'puppet:false()' 
LockHandler on void: access type 'get' changed from 'get:all()' to 'get:false()' 
LockHandler on void: access type 'teleport' changed from 'teleport:true()' to 'teleport:false()' 
LockHandler on void: access type 'teleport_here' changed from 'teleport_here:true()' to 'teleport_here:false()'
26-05-07 01:01:15 [-] LockHandler on the Witness: access type 'get' changed from 'get:all()' to 'get:false()' 
LockHandler on the Witness: access type 'call' changed from 'call:true()' to 'call:false()' 
LockHandler on the Witness: access type 'teleport' changed from 'teleport:true()' to 'teleport:perm(Admin)' 
LockHandler on the Witness: access type 'teleport_here' changed from 'teleport_here:true()' to 'teleport_here:perm(Admin)'
26-05-07 01:01:15 [-] LockHandler on the Witness: access type 'puppet' changed from 'puppet:pperm(Developer)' to 'puppet:perm(Builder)'
26-05-07 01:01:15 [-] LockHandler on the Witness: access type 'delete' changed from 'delete:perm(Admin)' to 'delete:perm(Builder)'
26-05-07 01:01:15 [-] LockHandler on the Witness: access type 'get' changed from 'get:false()' to 'get:false()'
26-05-07 01:01:15 [-] LockHandler on Lark: access type 'get' changed from 'get:all()' to 'get:false()' 
LockHandler on Lark: access type 'call' changed from 'call:true()' to 'call:false()' 
LockHandler on Lark: access type 'teleport' changed from 'teleport:true()' to 'teleport:perm(Admin)' 
LockHandler on Lark: access type 'teleport_here' changed from 'teleport_here:true()' to 'teleport_here:perm(Admin)'
26-05-07 01:01:16 [-] LockHandler on Lark: access type 'puppet' changed from 'puppet:pperm(Developer)' to 'puppet:perm(Builder)'
26-05-07 01:01:16 [-] LockHandler on Lark: access type 'delete' changed from 'delete:perm(Admin)' to 'delete:perm(Builder)'
26-05-07 01:01:16 [-] LockHandler on Lark: access type 'get' changed from 'get:false()' to 'get:false()'
26-05-07 01:01:16 [-] LockHandler on Sable: access type 'get' changed from 'get:all()' to 'get:false()' 
LockHandler on Sable: access type 'call' changed from 'call:true()' to 'call:false()' 
LockHandler on Sable: access type 'teleport' changed from 'teleport:true()' to 'teleport:perm(Admin)' 
LockHandler on Sable: access type 'teleport_here' changed from 'teleport_here:true()' to 'teleport_here:perm(Admin)'
26-05-07 01:01:17 [-] LockHandler on Sable: access type 'puppet' changed from 'puppet:pperm(Developer)' to 'puppet:perm(Builder)'
26-05-07 01:01:17 [-] LockHandler on Sable: access type 'delete' changed from 'delete:perm(Admin)' to 'delete:perm(Builder)'
26-05-07 01:01:17 [-] LockHandler on Sable: access type 'get' changed from 'get:false()' to 'get:false()'
26-05-07 01:01:17 [-] LockHandler on the Mirror: access type 'get' changed from 'get:all()' to 'get:false()' 
LockHandler on the Mirror: access type 'call' changed from 'call:true()' to 'call:false()' 
LockHandler on the Mirror: access type 'teleport' changed from 'teleport:true()' to 'teleport:perm(Admin)' 
LockHandler on the Mirror: access type 'teleport_here' changed from 'teleport_here:true()' to 'teleport_here:perm(Admin)'
26-05-07 01:01:18 [-] LockHandler on the Mirror: access type 'puppet' changed from 'puppet:pperm(Developer)' to 'puppet:perm(Builder)'
26-05-07 01:01:18 [-] LockHandler on the Mirror: access type 'delete' changed from 'delete:perm(Admin)' to 'delete:perm(Builder)'
26-05-07 01:01:18 [-] LockHandler on the Mirror: access type 'get' changed from 'get:false()' to 'get:false()'
26-05-07 01:01:18 [-] LockHandler on Wren: access type 'get' changed from 'get:all()' to 'get:false()' 
LockHandler on Wren: access type 'call' changed from 'call:true()' to 'call:false()' 
LockHandler on Wren: access type 'teleport' changed from 'teleport:true()' to 'teleport:perm(Admin)' 
LockHandler on Wren: access type 'teleport_here' changed from 'teleport_here:true()' to 'teleport_here:perm(Admin)'
26-05-07 01:01:19 [-] LockHandler on Wren: access type 'puppet' changed from 'puppet:pperm(Developer)' to 'puppet:perm(Builder)'
26-05-07 01:01:19 [-] LockHandler on Wren: access type 'delete' changed from 'delete:perm(Admin)' to 'delete:perm(Builder)'
26-05-07 01:01:19 [-] LockHandler on Wren: access type 'get' changed from 'get:false()' to 'get:false()'
26-05-07 01:01:19 [-] LockHandler on a pale silver wisp: access type 'get' changed from 'get:all()' to 'get:false()' 
LockHandler on a pale silver wisp: access type 'call' changed from 'call:true()' to 'call:false()' 
LockHandler on a pale silver wisp: access type 'teleport' changed from 'teleport:true()' to 'teleport:perm(Admin)' 
LockHandler on a pale silver wisp: access type 'teleport_here' changed from 'teleport_here:true()' to 'teleport_here:perm(Admin)'
26-05-07 01:01:20 [-] LockHandler on a pale silver wisp: access type 'puppet' changed from 'puppet:pperm(Developer)' to 'puppet:perm(Builder)'
26-05-07 01:01:20 [-] LockHandler on a pale silver wisp: access type 'delete' changed from 'delete:perm(Admin)' to 'delete:perm(Builder)'
26-05-07 01:01:20 [-] LockHandler on a pale silver wisp: access type 'get' changed from 'get:false()' to 'get:false()'
26-05-07 01:01:20 [-] LockHandler on a slow amber wisp: access type 'get' changed from 'get:all()' to 'get:false()' 
LockHandler on a slow amber wisp: access type 'call' changed from 'call:true()' to 'call:false()' 
LockHandler on a slow amber wisp: access type 'teleport' changed from 'teleport:true()' to 'teleport:perm(Admin)' 
LockHandler on a slow amber wisp: access type 'teleport_here' changed from 'teleport_here:true()' to 'teleport_here:perm(Admin)'
26-05-07 01:01:21 [-] LockHandler on a slow amber wisp: access type 'puppet' changed from 'puppet:pperm(Developer)' to 'puppet:perm(Builder)'
26-05-07 01:01:21 [-] LockHandler on a slow amber wisp: access type 'delete' changed from 'delete:perm(Admin)' to 'delete:perm(Builder)'
26-05-07 01:01:21 [-] LockHandler on a slow amber wisp: access type 'get' changed from 'get:false()' to 'get:false()'
26-05-07 01:01:21 [-] LockHandler on a bright restless wisp: access type 'get' changed from 'get:all()' to 'get:false()' 
LockHandler on a bright restless wisp: access type 'call' changed from 'call:true()' to 'call:false()' 
LockHandler on a bright restless wisp: access type 'teleport' changed from 'teleport:true()' to 'teleport:perm(Admin)' 
LockHandler on a bright restless wisp: access type 'teleport_here' changed from 'teleport_here:true()' to 'teleport_here:perm(Admin)'
26-05-07 01:01:22 [-] LockHandler on a bright restless wisp: access type 'delete' changed from 'delete:perm(Admin)' to 'delete:perm(Builder)'
26-05-07 01:01:22 [-] LockHandler on a bright restless wisp: access type 'puppet' changed from 'puppet:pperm(Developer)' to 'puppet:perm(Builder)'
26-05-07 01:01:22 [-] LockHandler on a bright restless wisp: access type 'get' changed from 'get:false()' to 'get:false()'
26-05-07 01:01:22 [-] LockHandler on the companion: access type 'get' changed from 'get:all()' to 'get:false()' 
LockHandler on the companion: access type 'call' changed from 'call:true()' to 'call:false()' 
LockHandler on the companion: access type 'teleport' changed from 'teleport:true()' to 'teleport:perm(Admin)' 
LockHandler on the companion: access type 'teleport_here' changed from 'teleport_here:true()' to 'teleport_here:perm(Admin)'
26-05-07 01:01:23 [-] LockHandler on the companion: access type 'puppet' changed from 'puppet:pperm(Developer)' to 'puppet:perm(Builder)'
26-05-07 01:01:23 [-] LockHandler on the companion: access type 'delete' changed from 'delete:perm(Admin)' to 'delete:perm(Builder)'
26-05-07 01:01:23 [-] LockHandler on the companion: access type 'get' changed from 'get:false()' to 'get:false()'
26-05-07 01:06:04 [-] LockHandler on @tunnel: access type 'cmd' changed from 'cmd:all()' to 'cmd: perm(tunnel) or perm(Builder)'
26-05-07 01:06:04 [-] LockHandler on @tasks: access type 'cmd' changed from 'cmd:all()' to 'cmd:perm(Developer)'
26-05-07 01:06:04 [-] LockHandler on @lock: access type 'cmd' changed from 'cmd:all()' to 'cmd: perm(locks) or perm(Builder)'
26-05-07 01:07:27 [-] LockHandler on void: access type 'puppet' changed from 'puppet:pperm(Developer)' to 'puppet:false()' 
LockHandler on void: access type 'get' changed from 'get:all()' to 'get:false()' 
LockHandler on void: access type 'teleport' changed from 'teleport:true()' to 'teleport:false()' 
LockHandler on void: access type 'teleport_here' changed from 'teleport_here:true()' to 'teleport_here:false()'
26-05-07 01:07:27 [-] LockHandler on void: access type 'puppet' changed from 'puppet:pperm(Developer)' to 'puppet:false()' 
LockHandler on void: access type 'get' changed from 'get:all()' to 'get:false()' 
LockHandler on void: access type 'teleport' changed from 'teleport:true()' to 'teleport:false()' 
LockHandler on void: access type 'teleport_here' changed from 'teleport_here:true()' to 'teleport_here:false()'
26-05-07 01:07:27 [-] LockHandler on void: access type 'puppet' changed from 'puppet:pperm(Developer)' to 'puppet:false()' 
LockHandler on void: access type 'get' changed from 'get:all()' to 'get:false()' 
LockHandler on void: access type 'teleport' changed from 'teleport:true()' to 'teleport:false()' 
LockHandler on void: access type 'teleport_here' changed from 'teleport_here:true()' to 'teleport_here:false()'
26-05-07 01:07:28 [-] LockHandler on void: access type 'puppet' changed from 'puppet:pperm(Developer)' to 'puppet:false()' 
LockHandler on void: access type 'get' changed from 'get:all()' to 'get:false()' 
LockHandler on void: access type 'teleport' changed from 'teleport:true()' to 'teleport:false()' 
LockHandler on void: access type 'teleport_here' changed from 'teleport_here:true()' to 'teleport_here:false()'
26-05-07 01:07:28 [-] LockHandler on void: access type 'puppet' changed from 'puppet:pperm(Developer)' to 'puppet:false()' 
LockHandler on void: access type 'get' changed from 'get:all()' to 'get:false()' 
LockHandler on void: access type 'teleport' changed from 'teleport:true()' to 'teleport:false()' 
LockHandler on void: access type 'teleport_here' changed from 'teleport_here:true()' to 'teleport_here:false()'
26-05-07 01:17:41 [-] LockHandler on Laynie: access type 'get' changed from 'get:all()' to 'get:false()' 
LockHandler on Laynie: access type 'call' changed from 'call:true()' to 'call:false()' 
LockHandler on Laynie: access type 'teleport' changed from 'teleport:true()' to 'teleport:perm(Admin)' 
LockHandler on Laynie: access type 'teleport_here' changed from 'teleport_here:true()' to 'teleport_here:perm(Admin)'
26-05-07 01:17:41 [-] LockHandler on Laynie: access type 'puppet' changed from 'puppet:pperm(Developer)' to 'puppet:pid(2) or id(Laynie) or perm(Developer) or pperm(Developer)' 
LockHandler on Laynie: access type 'delete' changed from 'delete:perm(Admin)' to 'delete:pid(2) or perm(Admin)' 
LockHandler on Laynie: access type 'edit' changed from 'edit:perm(Admin)' to 'edit:pid(2) or perm(Admin)'
26-05-07 01:17:41 [-] LockHandler on Laynie: access type 'puppet' changed from 'puppet:pid(2) or id(Laynie) or perm(Developer) or pperm(Developer)' to 'puppet:id(27) or pid(2) or perm(Developer) or pperm(Developer)' 
LockHandler on Laynie: access type 'delete' changed from 'delete:pid(2) or perm(Admin)' to 'delete:id(2) or perm(Admin)'
26-05-07 02:32:58 [-] LockHandler on @tunnel: access type 'cmd' changed from 'cmd:all()' to 'cmd: perm(tunnel) or perm(Builder)'
26-05-07 02:32:58 [-] LockHandler on @tasks: access type 'cmd' changed from 'cmd:all()' to 'cmd:perm(Developer)'
26-05-07 02:32:58 [-] LockHandler on @lock: access type 'cmd' changed from 'cmd:all()' to 'cmd: perm(locks) or perm(Builder)'
26-05-07 02:51:54 [-] LockHandler on @lock: access type 'cmd' changed from 'cmd:all()' to 'cmd: perm(locks) or perm(Builder)'
26-05-07 02:51:54 [-] LockHandler on @tunnel: access type 'cmd' changed from 'cmd:all()' to 'cmd: perm(tunnel) or perm(Builder)'
26-05-07 02:51:54 [-] LockHandler on @tasks: access type 'cmd' changed from 'cmd:all()' to 'cmd:perm(Developer)'
26-05-07 02:57:09 [-] LockHandler on @tunnel: access type 'cmd' changed from 'cmd:all()' to 'cmd: perm(tunnel) or perm(Builder)'
26-05-07 02:57:09 [-] LockHandler on @lock: access type 'cmd' changed from 'cmd:all()' to 'cmd: perm(locks) or perm(Builder)'
26-05-07 02:57:09 [-] LockHandler on @tasks: access type 'cmd' changed from 'cmd:all()' to 'cmd:perm(Developer)'
26-05-07 03:30:45 [-] LockHandler on @tasks: access type 'cmd' changed from 'cmd:all()' to 'cmd:perm(Developer)'
26-05-07 03:30:45 [-] LockHandler on @tunnel: access type 'cmd' changed from 'cmd:all()' to 'cmd: perm(tunnel) or perm(Builder)'
26-05-07 03:30:45 [-] LockHandler on @lock: access type 'cmd' changed from 'cmd:all()' to 'cmd: perm(locks) or perm(Builder)'
26-05-07 03:42:04 [-] LockHandler on @tunnel: access type 'cmd' changed from 'cmd:all()' to 'cmd: perm(tunnel) or perm(Builder)'
26-05-07 03:42:04 [-] LockHandler on @lock: access type 'cmd' changed from 'cmd:all()' to 'cmd: perm(locks) or perm(Builder)'
26-05-07 03:42:04 [-] LockHandler on @tasks: access type 'cmd' changed from 'cmd:all()' to 'cmd:perm(Developer)'
26-05-07 03:51:10 [-] LockHandler on @lock: access type 'cmd' changed from 'cmd:all()' to 'cmd: perm(locks) or perm(Builder)'
26-05-07 03:51:10 [-] LockHandler on @tasks: access type 'cmd' changed from 'cmd:all()' to 'cmd:perm(Developer)'
26-05-07 03:51:10 [-] LockHandler on @tunnel: access type 'cmd' changed from 'cmd:all()' to 'cmd: perm(tunnel) or perm(Builder)'
26-05-07 03:57:19 [-] LockHandler on @lock: access type 'cmd' changed from 'cmd:all()' to 'cmd: perm(locks) or perm(Builder)'
26-05-07 03:57:19 [-] LockHandler on @tunnel: access type 'cmd' changed from 'cmd:all()' to 'cmd: perm(tunnel) or perm(Builder)'
26-05-07 03:57:19 [-] LockHandler on @tasks: access type 'cmd' changed from 'cmd:all()' to 'cmd:perm(Developer)'
26-05-07 04:12:01 [-] LockHandler on @tunnel: access type 'cmd' changed from 'cmd:all()' to 'cmd: perm(tunnel) or perm(Builder)'
26-05-07 04:12:01 [-] LockHandler on @tasks: access type 'cmd' changed from 'cmd:all()' to 'cmd:perm(Developer)'
26-05-07 04:12:01 [-] LockHandler on @lock: access type 'cmd' changed from 'cmd:all()' to 'cmd: perm(locks) or perm(Builder)'
26-05-07 05:11:21 [-] LockHandler on @lock: access type 'cmd' changed from 'cmd:all()' to 'cmd: perm(locks) or perm(Builder)'
26-05-07 05:11:21 [-] LockHandler on @tunnel: access type 'cmd' changed from 'cmd:all()' to 'cmd: perm(tunnel) or perm(Builder)'
26-05-07 05:11:21 [-] LockHandler on @tasks: access type 'cmd' changed from 'cmd:all()' to 'cmd:perm(Developer)'
26-05-07 17:09:31 [-] LockHandler on @lock: access type 'cmd' changed from 'cmd:all()' to 'cmd: perm(locks) or perm(Builder)'
26-05-07 17:09:31 [-] LockHandler on @tasks: access type 'cmd' changed from 'cmd:all()' to 'cmd:perm(Developer)'
26-05-07 17:09:31 [-] LockHandler on @tunnel: access type 'cmd' changed from 'cmd:all()' to 'cmd: perm(tunnel) or perm(Builder)'
26-05-07 17:29:18 [-] LockHandler on @lock: access type 'cmd' changed from 'cmd:all()' to 'cmd: perm(locks) or perm(Builder)'
26-05-07 17:29:18 [-] LockHandler on @tunnel: access type 'cmd' changed from 'cmd:all()' to 'cmd: perm(tunnel) or perm(Builder)'
26-05-07 17:29:18 [-] LockHandler on @tasks: access type 'cmd' changed from 'cmd:all()' to 'cmd:perm(Developer)'
26-05-08 05:07:26 [-] LockHandler on @tunnel: access type 'cmd' changed from 'cmd:all()' to 'cmd: perm(tunnel) or perm(Builder)'
26-05-08 05:07:26 [-] LockHandler on @tasks: access type 'cmd' changed from 'cmd:all()' to 'cmd:perm(Developer)'
26-05-08 05:07:26 [-] LockHandler on @lock: access type 'cmd' changed from 'cmd:all()' to 'cmd: perm(locks) or perm(Builder)'
26-05-08 06:34:25 [-] LockHandler on @lock: access type 'cmd' changed from 'cmd:all()' to 'cmd: perm(locks) or perm(Builder)'
26-05-08 06:34:25 [-] LockHandler on @tunnel: access type 'cmd' changed from 'cmd:all()' to 'cmd: perm(tunnel) or perm(Builder)'
26-05-08 06:34:25 [-] LockHandler on @tasks: access type 'cmd' changed from 'cmd:all()' to 'cmd:perm(Developer)'
26-05-08 06:46:15 [-] LockHandler on @lock: access type 'cmd' changed from 'cmd:all()' to 'cmd: perm(locks) or perm(Builder)'
26-05-08 06:46:15 [-] LockHandler on @tasks: access type 'cmd' changed from 'cmd:all()' to 'cmd:perm(Developer)'
26-05-08 06:46:15 [-] LockHandler on @tunnel: access type 'cmd' changed from 'cmd:all()' to 'cmd: perm(tunnel) or perm(Builder)'
26-05-08 07:38:07 [-] LockHandler on @lock: access type 'cmd' changed from 'cmd:all()' to 'cmd: perm(locks) or perm(Builder)'
26-05-08 07:38:07 [-] LockHandler on @tasks: access type 'cmd' changed from 'cmd:all()' to 'cmd:perm(Developer)'
26-05-08 07:38:07 [-] LockHandler on @tunnel: access type 'cmd' changed from 'cmd:all()' to 'cmd: perm(tunnel) or perm(Builder)'
26-05-08 08:07:42 [-] LockHandler on @tunnel: access type 'cmd' changed from 'cmd:all()' to 'cmd: perm(tunnel) or perm(Builder)'
26-05-08 08:07:42 [-] LockHandler on @lock: access type 'cmd' changed from 'cmd:all()' to 'cmd: perm(locks) or perm(Builder)'
26-05-08 08:07:42 [-] LockHandler on @tasks: access type 'cmd' changed from 'cmd:all()' to 'cmd:perm(Developer)'
26-05-08 08:33:02 [-] LockHandler on @tunnel: access type 'cmd' changed from 'cmd:all()' to 'cmd: perm(tunnel) or perm(Builder)'
26-05-08 08:33:02 [-] LockHandler on @lock: access type 'cmd' changed from 'cmd:all()' to 'cmd: perm(locks) or perm(Builder)'
26-05-08 08:33:02 [-] LockHandler on @lock: access type 'cmd' changed from 'cmd:all()' to 'cmd: perm(locks) or perm(Builder)'
26-05-08 08:33:02 [-] LockHandler on @tasks: access type 'cmd' changed from 'cmd:all()' to 'cmd:perm(Developer)'
26-05-09 04:57:59 [-] LockHandler on @lock: access type 'cmd' changed from 'cmd:all()' to 'cmd: perm(locks) or perm(Builder)'
26-05-09 04:57:59 [-] LockHandler on @tunnel: access type 'cmd' changed from 'cmd:all()' to 'cmd: perm(tunnel) or perm(Builder)'
26-05-09 04:57:59 [-] LockHandler on @tasks: access type 'cmd' changed from 'cmd:all()' to 'cmd:perm(Developer)'
26-05-13 23:27:59 [-] LockHandler on Ironwood Housing Co.: access type 'get' changed from 'get:all()' to 'get:false()' 
LockHandler on Ironwood Housing Co.: access type 'puppet' changed from 'puppet:pperm(Developer)' to 'puppet:false()' 
LockHandler on Ironwood Housing Co.: access type 'teleport' changed from 'teleport:true()' to 'teleport:false()' 
LockHandler on Ironwood Housing Co.: access type 'teleport_here' changed from 'teleport_here:true()' to 'teleport_here:true()'
26-05-13 23:27:59 [-] LockHandler on Ironwood Housing Co.: access type 'control' changed from 'control:perm(Developer)' to 'control:id(1) or perm(Admin)' 
LockHandler on Ironwood Housing Co.: access type 'delete' changed from 'delete:perm(Admin)' to 'delete:id(1) or perm(Admin)' 
LockHandler on Ironwood Housing Co.: access type 'edit' changed from 'edit:perm(Admin)' to 'edit:id(1) or perm(Admin)'
26-05-13 23:27:59 [-] LockHandler on shop: access type 'puppet' changed from 'puppet:pperm(Developer)' to 'puppet:false()' 
LockHandler on shop: access type 'get' changed from 'get:all()' to 'get:false()' 
LockHandler on shop: access type 'teleport' changed from 'teleport:true()' to 'teleport:false()' 
LockHandler on shop: access type 'teleport_here' changed from 'teleport_here:true()' to 'teleport_here:false()'
26-05-13 23:27:59 [-] LockHandler on shop: access type 'control' changed from 'control:perm(Developer)' to 'control:id(1) or perm(Admin)' 
LockHandler on shop: access type 'delete' changed from 'delete:perm(Admin)' to 'delete:id(1) or perm(Admin)' 
LockHandler on shop: access type 'edit' changed from 'edit:perm(Admin)' to 'edit:id(1) or perm(Admin)'
26-05-13 23:27:59 [-] LockHandler on out: access type 'puppet' changed from 'puppet:pperm(Developer)' to 'puppet:false()' 
LockHandler on out: access type 'get' changed from 'get:all()' to 'get:false()' 
LockHandler on out: access type 'teleport' changed from 'teleport:true()' to 'teleport:false()' 
LockHandler on out: access type 'teleport_here' changed from 'teleport_here:true()' to 'teleport_here:false()'
26-05-13 23:27:59 [-] LockHandler on out: access type 'control' changed from 'control:perm(Developer)' to 'control:id(1) or perm(Admin)' 
LockHandler on out: access type 'delete' changed from 'delete:perm(Admin)' to 'delete:id(1) or perm(Admin)' 
LockHandler on out: access type 'edit' changed from 'edit:perm(Admin)' to 'edit:id(1) or perm(Admin)'
26-05-13 23:30:53 [-] LockHandler on Durgin Ironwood: access type 'get' changed from 'get:all()' to 'get:false()' 
LockHandler on Durgin Ironwood: access type 'call' changed from 'call:true()' to 'call:false()' 
LockHandler on Durgin Ironwood: access type 'teleport' changed from 'teleport:true()' to 'teleport:perm(Admin)' 
LockHandler on Durgin Ironwood: access type 'teleport_here' changed from 'teleport_here:true()' to 'teleport_here:perm(Admin)'
26-05-13 23:30:53 [-] LockHandler on Durgin Ironwood: access type 'puppet' changed from 'puppet:pperm(Developer)' to 'puppet:perm(Builder)'
26-05-13 23:30:53 [-] LockHandler on Durgin Ironwood: access type 'delete' changed from 'delete:perm(Admin)' to 'delete:perm(Builder)'
26-05-13 23:30:53 [-] LockHandler on Durgin Ironwood: access type 'get' changed from 'get:false()' to 'get:false()'
26-05-13 23:35:26 [-] LockHandler on Durgin Ironwood: access type 'get' changed from 'get:all()' to 'get:false()' 
LockHandler on Durgin Ironwood: access type 'call' changed from 'call:true()' to 'call:false()' 
LockHandler on Durgin Ironwood: access type 'teleport' changed from 'teleport:true()' to 'teleport:perm(Admin)' 
LockHandler on Durgin Ironwood: access type 'teleport_here' changed from 'teleport_here:true()' to 'teleport_here:perm(Admin)'
26-05-13 23:35:27 [-] LockHandler on Durgin Ironwood: access type 'puppet' changed from 'puppet:pperm(Developer)' to 'puppet:perm(Builder)'
26-05-13 23:35:27 [-] LockHandler on Durgin Ironwood: access type 'delete' changed from 'delete:perm(Admin)' to 'delete:perm(Builder)'
26-05-13 23:35:27 [-] LockHandler on Durgin Ironwood: access type 'get' changed from 'get:false()' to 'get:false()'
26-05-13 23:38:27 [-] LockHandler on Durgin Ironwood: access type 'get' changed from 'get:all()' to 'get:false()' 
LockHandler on Durgin Ironwood: access type 'call' changed from 'call:true()' to 'call:false()' 
LockHandler on Durgin Ironwood: access type 'teleport' changed from 'teleport:true()' to 'teleport:perm(Admin)' 
LockHandler on Durgin Ironwood: access type 'teleport_here' changed from 'teleport_here:true()' to 'teleport_here:perm(Admin)'
26-05-13 23:38:28 [-] LockHandler on Durgin Ironwood: access type 'puppet' changed from 'puppet:pperm(Developer)' to 'puppet:perm(Builder)'
26-05-13 23:38:28 [-] LockHandler on Durgin Ironwood: access type 'delete' changed from 'delete:perm(Admin)' to 'delete:perm(Builder)'
26-05-13 23:38:28 [-] LockHandler on Durgin Ironwood: access type 'get' changed from 'get:false()' to 'get:false()'
26-05-13 23:45:31 [-] LockHandler on @lock: access type 'cmd' changed from 'cmd:all()' to 'cmd: perm(locks) or perm(Builder)'
26-05-13 23:45:31 [-] LockHandler on @tasks: access type 'cmd' changed from 'cmd:all()' to 'cmd:perm(Developer)'
26-05-13 23:45:31 [-] LockHandler on @tunnel: access type 'cmd' changed from 'cmd:all()' to 'cmd: perm(tunnel) or perm(Builder)'
26-05-13 23:54:16 [-] LockHandler on Witch's Tent: access type 'get' changed from 'get:all()' to 'get:false()' 
LockHandler on Witch's Tent: access type 'puppet' changed from 'puppet:pperm(Developer)' to 'puppet:false()' 
LockHandler on Witch's Tent: access type 'teleport' changed from 'teleport:true()' to 'teleport:false()' 
LockHandler on Witch's Tent: access type 'teleport_here' changed from 'teleport_here:true()' to 'teleport_here:true()'
26-05-14 00:23:03 [-] LockHandler on entry: access type 'get' changed from 'get:all()' to 'get:false()' 
LockHandler on entry: access type 'puppet' changed from 'puppet:pperm(Developer)' to 'puppet:false()' 
LockHandler on entry: access type 'teleport' changed from 'teleport:true()' to 'teleport:false()' 
LockHandler on entry: access type 'teleport_here' changed from 'teleport_here:true()' to 'teleport_here:true()'
26-05-14 00:23:03 [-] LockHandler on north: access type 'puppet' changed from 'puppet:pperm(Developer)' to 'puppet:false()' 
LockHandler on north: access type 'get' changed from 'get:all()' to 'get:false()' 
LockHandler on north: access type 'teleport' changed from 'teleport:true()' to 'teleport:false()' 
LockHandler on north: access type 'teleport_here' changed from 'teleport_here:true()' to 'teleport_here:false()'
26-05-14 00:23:03 [-] LockHandler on south: access type 'puppet' changed from 'puppet:pperm(Developer)' to 'puppet:false()' 
LockHandler on south: access type 'get' changed from 'get:all()' to 'get:false()' 
LockHandler on south: access type 'teleport' changed from 'teleport:true()' to 'teleport:false()' 
LockHandler on south: access type 'teleport_here' changed from 'teleport_here:true()' to 'teleport_here:false()'